/usr/sbin/prelink -av -mR
/usr/sbin/prelink: /usr/bin/devhelp-bin: Could not parse `/usr/bin/devhelp-bin: error while loading shared libraries: libgtkembedmoz.so: cannot open shared object file: No such file or directory'
/usr/sbin/prelink: /usr/lib/mozilla-1.6/libgtkembedmoz.so: Could not parse `/usr/lib/mozilla-1.6/libgtkembedmoz.so: error while loading shared libraries: libxpcom.so: cannot open shared object file: No such file or directory'
/usr/sbin/prelink: /usr/lib/mozilla-1.6/mozilla-bin: Could not parse `/usr/lib/mozilla-1.6/mozilla-bin: error while loading shared libraries: libmozjs.so: cannot open shared object file: No such file or directory'
/usr/sbin/prelink: /usr/lib/mozilla-1.6/regchrome: Could not parse `/usr/lib/mozilla-1.6/regchrome: error while loading shared libraries: libxpcom.so: cannot open shared object file: No such file or directory'
/usr/sbin/prelink: /usr/lib/mozilla-1.6/xpcshell: Could not parse `/usr/lib/mozilla-1.6/xpcshell: error while loading shared libraries: libmozjs.so: cannot open shared object file: No such file or directory'
/usr/sbin/prelink: /usr/lib/ooo-1.1/program/libicuuc.so.22: Could not parse `/usr/lib/ooo-1.1/program/libicuuc.so.22: error while loading shared libraries: libicudata.so.22: cannot open shared object file: No such file or directory'
/usr/sbin/prelink: /usr/lib/ooo-1.1/program/libicule.so.22: Could not parse `/usr/lib/ooo-1.1/program/libicule.so.22: error while loading shared libraries: libicuuc.so.22: cannot open shared object file: No such file or directory'
Assigned virtual address space slots for libraries:
/lib/ld-linux.so.2                                           00559000-0056f4cc
/usr/lib/libaio.so.1.0.0                                     00572000-005737c0
/lib/tls/libc.so.6                                           00576000-00690bec
/lib/tls/libm.so.6                                           00693000-006b50a0
/lib/libdl.so.2                                              006b8000-006bb07c
/usr/lib/libz.so.1                                           006be000-006ce564
/usr/X11R6/lib/libX11.so.6                                   006d1000-00798878
/usr/X11R6/lib/libXext.so.6                                  0079b000-007a8a94
/lib/tls/libpthread.so.0                                     007ab000-007bc1f0
/usr/X11R6/lib/libSM.so.6                                    007d8000-007df658
/usr/X11R6/lib/libICE.so.6                                   007bf000-007d5350
/lib/libresolv.so.2                                          007e2000-007f39a8
/usr/lib/libfreetype.so.6                                    007f6000-0085ae50
/usr/lib/libexpat.so.0                                       0085d000-0087b7c4
/usr/X11R6/lib/libXft.so.2                                   008a7000-008b8530
/usr/X11R6/lib/libXrender.so.1                               008bb000-008c28e8
/usr/lib/libfontconfig.so.1                                  0087e000-008a4848
/usr/X11R6/lib/libXrandr.so.2                                008c5000-008c71dc
/lib/libgcc_s.so.1                                           008ca000-008d1ed8
/usr/lib/libstdc++.so.5                                      00973000-00a2dbe0
/usr/lib/libglib-2.0.so.0                                    008d4000-00950fac
/usr/lib/libjpeg.so.62                                       00953000-00970b94
/usr/lib/libgmodule-2.0.so.0                                 00a30000-00a333c8
/usr/lib/libgobject-2.0.so.0                                 00a36000-00a6db0c
/lib/libcom_err.so.2                                         00a88000-00a8a21c
/usr/lib/libart_lgpl_2.so.2                                  00a70000-00a859c4
/usr/lib/libk5crypto.so.3                                    00af7000-00b18da0
/usr/lib/libkrb5.so.3                                        00a8d000-00af4e08
/usr/X11R6/lib/libXi.so.6                                    00b1b000-00b22760
/lib/libcrypto.so.4                                          00b3b000-00c2b958
/usr/lib/libgdk_pixbuf-2.0.so.0                              00b25000-00b38588
/usr/lib/libgssapi_krb5.so.2                                 00c2e000-00c42794
/usr/lib/libgtk-x11-2.0.so.0                                 00101000-003b7c30
/usr/lib/libgdk-x11-2.0.so.0                                 00cc1000-00d2eb74
/usr/lib/libpango-1.0.so.0                                   00c45000-00c78b70
/usr/lib/libpangoxft-1.0.so.0                                00c7b000-00c7fc20
/usr/lib/libpangoft2-1.0.so.0                                00c82000-00ca6c94
/usr/lib/libatk-1.0.so.0                                     00d31000-00d4ae6c
/usr/lib/libpangox-1.0.so.0                                  00cb4000-00cbe5e0
/usr/X11R6/lib/libXcursor.so.1                               00ca9000-00cb1b88
/usr/lib/libpng12.so.0                                       00d4d000-00d6f984
/lib/libutil.so.1                                            00d72000-00d75090
/lib/libnsl.so.1                                             00d7d000-00d918e0
/usr/X11R6/lib/libXinerama.so.1                              00d78000-00d7a55c
/lib/libssl.so.4                                             00d94000-00dc7ea0
/lib/libcrypt.so.1                                           003ff000-0042b13c
/lib/libselinux.so.1                                         00dca000-00dd9c14
/usr/lib/libpopt.so.0                                        00ddc000-00de3410
/usr/lib/libmng.so.1                                         003ba000-003fc488
/usr/lib/qt-3.3/lib/libqt-mt.so.3                            06f2f000-07635ad8
/usr/lib/libkdefx.so.4                                       00a36000-00a6141c
/usr/lib/libDCOP.so.4                                        00c45000-00c79260
/usr/lib/libkdecore.so.4                                     00101000-002f0d34
/usr/X11R6/lib/libXt.so.6                                    0042e000-0047fb7c
/usr/lib/libkdeui.so.4                                       07638000-078f3cac
/usr/lib/libnetpbm.so.10                                     006d1000-006ee78c
/usr/X11R6/lib/libXmu.so.6                                   00de6000-00dfbe6c
/usr/lib/libxml2.so.2                                        078f6000-079e8674
/usr/lib/libasound.so.2                                      00482000-0052ba7c
/usr/lib/libgthread-2.0.so.0                                 0052e000-00531254
/usr/lib/libfam.so.0                                         00a64000-00a6a850
/usr/lib/libaudiofile.so.0                                   00534000-00556034
/lib/tls/librt.so.1                                          003ba000-003cdfd8
/usr/lib/libesd.so.0                                         07d07000-07d0f77c
/usr/lib/libkdesu.so.4                                       00c7c000-00c95f78
/usr/lib/libkio.so.4                                         079eb000-07d04d3c
/usr/lib/libORBit-2.so.0                                     06f2f000-06f7bac4
/usr/lib/libgconf-2.so.4                                     06f7e000-06fb146c
/usr/lib/libbonobo-activation.so.4                           003d0000-003e4a04
/usr/lib/libORBitCosNaming-2.so.0                            00dca000-00dd6824
/usr/lib/libgimpbase-2.0.so.0                                00973000-0097c914
/usr/lib/libgnomevfs-2.so.0                                  07010000-0706ba80
/usr/lib/libbonobo-2.so.0                                    06fb4000-0700d908
/usr/lib/libgimp-2.0.so.0                                    0097f000-0099ece4
/usr/lib/libgimpcolor-2.0.so.0                               008ca000-008d16f8
/usr/lib/libgnome-2.so.0                                     003e7000-003faaa0
/usr/lib/libbonoboui-2.so.0                                  071cb000-0722bcd0
/usr/lib/libgnomecanvas-2.so.0                               0042e000-00458bf8
/usr/lib/libgimpmodule-2.0.so.0                              009a1000-009a52b8
/usr/lib/libgimpwidgets-2.0.so.0                             07100000-071c87f4
/usr/lib/libgnomeui-2.so.0                                   0706e000-070fd590
/usr/lib/libgnome-keyring.so.0                               00de6000-00dee9d0
/usr/lib/libgimpui-2.0.so.0                                  009a8000-009b29f8
/usr/lib/libncurses.so.5                                     07d12000-07d51d2c
/usr/lib/libglade-2.0.so.0                                   07100000-07115dcc
/usr/lib/libreadline.so.4                                    07d54000-07d7e8d4
/lib/libtermcap.so.2                                         008d4000-008d77c8
/usr/lib/libkparts.so.2                                      00b25000-00b69830
/lib/libpam.so.0                                             07100000-071078a4
/usr/lib/libsasl2.so.2                                       00d4d000-00d6073c
/lib/tls/libdb-4.2.so                                        0042e000-00500e7c
/usr/X11R6/lib/libXxf86vm.so.1                               00c98000-00c9c8fc
/usr/X11R6/lib/libGLU.so.1                                   00b6c000-00be60ec
/usr/lib/libbz2.so.1                                         07d54000-07d62e64
/usr/X11R6/lib/libGL.so.1                                    00a88000-00b0cacc
/usr/X11R6/lib/libXpm.so.4                                   003e7000-003f57e4
/usr/lib/libldap.so.2                                        07118000-07148d54
/usr/lib/libglib-1.2.so.0                                    0085d000-00881e14
/usr/lib/liblber.so.2                                        00d63000-00d6e450
/usr/lib/libtiff.so.3                                        07d65000-07da5754
/usr/lib/libkdeprint.so.4                                    00b6c000-00c3b8fc
/usr/lib/libtcl8.4.so                                        007f6000-00896bb8
/usr/lib/libpisock.so.8                                      0045b000-0047dfb8
/usr/lib/libstartup-notification-1.so.0                      00d4d000-00d54d98
/usr/lib/libelf.so.1                                         00953000-00962f2c
/usr/lib/libgmodule-1.2.so.0                                 00884000-00886c64
/lib/libpcre.so.0                                            006d1000-006e0c98
/usr/lib/libwrap.so.0                                        00d63000-00d6afc4
/lib/liblvm-10.so.1                                          00693000-006c0994
/usr/lib/libgdk-1.2.so.0                                     00889000-008c0d10
/usr/lib/libogg.so.0                                         00ddc000-00de0be8
/usr/lib/libcups.so.2                                        07d12000-07d2d8e0
/usr/lib/libungif.so.4                                       008d4000-008dbd00
/usr/X11R6/lib/libXaw.so.7                                   00c9f000-00cfb7cc
/usr/lib/libgtk-1.2.so.0                                     00101000-00246e30
/usr/lib/libkabc.so.1                                        002f3000-00397e64
/usr/lib/libvcard.so.0                                       00cbd000-00ce24d8
/usr/lib/libkdegames.so.1                                    078f6000-079ccecc
/usr/lib/libkresources.so.1                                  00c98000-00cba918
/usr/lib/libvorbis.so.0                                      003ff000-00426d6c
/usr/lib/libncp.so.2.3                                       00693000-006d9df8
/usr/lib/libgdbm.so.2                                        00d71000-00d76238
/usr/lib/libORBitutil.so.0                                   00572000-005739e4
/usr/lib/libpanel-applet-2.so.0                              0098b000-00997bd0
/usr/lib/libgnome-desktop-2.so.2                             00973000-00988820
/usr/lib/libIIOP.so.0                                        008c3000-008caf44
/usr/lib/libgsf-1.so.1                                       00d57000-00d75458
/usr/lib/libORBit.so.0                                       008cd000-00909df8
/lib/libpam_misc.so.0                                        007ab000-007adc0c
/usr/lib/libORBitCosNaming.so.0                              00913000-0091a938
/usr/lib/libgnomeprint-2-2.so.0                              0722e000-076716b4
/usr/lib/libkutils.so.1                                      00ce5000-00d36da4
/lib/libuuid.so.1                                            00693000-00695c48
/usr/lib/libgnomeprintui-2-2.so.0                            0714b000-071744f0
/usr/lib/libnetsnmp.so.5                                     003ff000-00498a70
/usr/lib/libgnome.so.32                                      0091d000-00934c6c
/usr/lib/libgdk_pixbuf_xlib-2.0.so.0                         007e2000-007f0ff0
/usr/lib/libdb.so.2                                          007e2000-007eff38
/usr/lib/libgailutil.so.17                                   00d7d000-00d83c88
/usr/lib/libgnomesupport.so.0                                0090c000-00910254
/usr/lib/libxml.so.1                                         0095e000-009d1a0c
/usr/lib/libart_lgpl.so.2                                    00b25000-00b33ac4
/usr/lib/libgdk_imlib.so.1                                   00937000-0095b8d4
/usr/lib/libgnomeui.so.32                                    00a30000-00b0daec
/usr/lib/libcroco.so.1                                       0722e000-07255420
/usr/lib/libvorbisfile.so.3                                  079cf000-079d5f6c
/usr/lib/libcrlayeng.so.1                                    00df1000-00dfa3ec
/lib/libattr.so.1                                            007e2000-007e55bc
/usr/lib/libgpm.so.1                                         008ca000-008cf718
/usr/lib/libpq.so.3                                          006d1000-006ebd20
/usr/lib/librsvg-2.so.2                                      0045b000-00470e2c
/usr/lib/liboaf.so.0                                         009d4000-009ed800
/usr/lib/libcrseleng.so.2                                    00d86000-00d8e57c
/usr/lib/libamanda-2.4.4p2.so                                006b8000-006d2840
/usr/lib/libgdk_pixbuf.so.2                                  009f0000-00a059bc
/usr/lib/libgimpmath-2.0.so.0                                009b5000-009b9950
/usr/lib/libcrack.so.2                                       00693000-0069ccc0
/usr/lib/libbonobox.so.2                                     00b36000-00b94e68
/usr/lib/libbonobo.so.2                                      00b97000-00bfbff8
/usr/lib/libkscreensaver.so.4                                008d4000-008dc8ec
/usr/lib/libbluetooth.so.1                                   008ca000-008cf644
/usr/lib/libbeecrypt.so.6                                    00693000-006b042c
/usr/lib/libttf.so.2                                         003ff000-00423748
/usr/lib/libmetacity-private.so.0                            0098b000-009afef4
/usr/lib/libgstreamer-0.8.so.1                               0722e000-0733b69c
/usr/lib/libexif.so.9                                        009bc000-009cf580
/usr/lib/libmcop.so.1                                        07d12000-07dd32d4
/usr/lib/librpmio-4.3.so                                     006d1000-00704f00
/usr/lib/libgnome-window-settings.so.1                       008ca000-008cd83c
/usr/lib/libkmedia2_idl.so.1                                 00a88000-00ad23e4
/usr/lib/libartsflow.so.1                                    07ea3000-07ff950c
/usr/lib/libartsflow_idl.so.1                                07dd6000-07ea0de8
/usr/lib/libgnomeprint.so.15                                 06f2f000-07393c34
/usr/lib/libsoundserver_idl.so.1                             02000000-02073e08
/usr/lib/librpmdb-4.3.so                                     007bf000-008af960
/usr/lib/libkwalletclient.so.1                               008d4000-008e3b14
/usr/lib/tls/libslapd_db-4.2.so                              006d1000-00793a3c
/usr/X11R6/lib/libXtst.so.6                                  00d86000-00d8a26c
/usr/lib/libamtape-2.4.4p2.so                                006d5000-006ded00
/usr/lib/libeel-2.so.2                                       07674000-076fde28
/usr/lib/libkhtml.so.4                                       02000000-0230cfbc
/usr/lib/libgimpthumb-2.0.so.0                               007bf000-007c43f0
/usr/lib/libgal-a11y-2.0.so.6                                00d71000-00d7452c
/usr/lib/libkjs.so.1                                         07d07000-07d73c68
/usr/lib/libgal-2.0.so.6                                     07674000-0774e6cc
/usr/lib/libartsc.so.0                                       00ad5000-00adadc8
/usr/lib/libSDL-1.2.so.0                                     02076000-020f36ec
/lib/libcap.so.1                                             006be000-006c16b4
/usr/lib/libbfd-2.15.90.0.3.so                               006be000-00734cb4
/usr/lib/libgd.so.2                                          0085d000-00895978
/usr/lib/libVFlib2.so.24                                     00482000-004b4e84
/usr/lib/libuser.so.1                                        00693000-006a5728
/lib/libdb-3.3.so                                            006be000-0074decc
/lib/libdb-4.1.so                                            00693000-00752778
/usr/X11R6/lib/libdps.so.1                                   0085d000-008a26bc
/usr/lib/htdig_db/libhtdb-3.2.0.so                           006d1000-0072f02c
/usr/lib/libslang-utf8.so.1                                  007f6000-00869ee4
/lib/libacl.so.1                                             007e8000-007ed1cc
/usr/lib/evolution/1.4/libeutil.so.0                         00992000-009b3d7c
/usr/lib/libgcj.so.5                                         06f2f000-07932abc
/usr/lib/libsoup-2.0.so.0                                    00973000-0098fd10
/usr/lib/libdbus-1.so.0                                      00973000-009a0710
/usr/lib/libamserver-2.4.4p2.so                              006e1000-006fbccc
/usr/lib/librpm-4.3.so                                       00707000-007639f4
/usr/X11R6/lib/libXp.so.6                                    008d4000-008db46c
/usr/X11R6/lib/libXmuu.so.1                                  007ab000-007ae424
/usr/lib/libkofficecore.so.2                                 003ff000-004a0430
/lib/libdb-3.1.so                                            006be000-00736d50
/usr/lib/htdig/libhtword-3.2.0.so                            007bf000-0080a65c
/usr/lib/libisc.so.7                                         006d1000-00706ac0
/usr/lib/htdig/libhtnet-3.2.0.so                             0080d000-00823b80
/usr/lib/libdns.so.11                                        007f6000-008ee5b0
/lib/libdb-4.0.so                                            00693000-0073762c
/lib/libdb-3.2.so                                            006be000-00764c4c
/lib/libproc.so.3.2.0                                        00693000-006a48f8
/usr/lib/htdig/libcommon-3.2.0.so                            00732000-00779a48
/usr/lib/libxslt.so.1                                        07d76000-07da5860
/usr/lib/libktexteditor.so.0                                 008e6000-00919148
/usr/lib/libkowmf.so.1                                       008f5000-00903f44
/usr/X11R6/lib/libxkbfile.so.1                               003ff000-00420e3c
/usr/lib/libhesiod.so.0                                      00693000-00696fb0
/usr/lib/libkstore.so.2                                      008d4000-008e0860
/usr/lib/htdig/libht-3.2.0.so                                0077c000-0079e4dc
/usr/lib/libkwmf.so.2                                        008e3000-008f3000
/usr/lib/libnautilus.so.2                                    003fd000-0040d574
/usr/X11R6/lib/libdpstk.so.1                                 007e2000-007e9780
/usr/lib/libkrb4.so.2                                        007f6000-00811bb0
/usr/X11R6/lib/libXm.so.3                                    00a30000-00c7532c
/usr/lib/libsdp.so.2                                         00973000-0097a828
/usr/lib/libxfcegui4.so.1                                    00953000-0098ad24
/usr/lib/libieee1284.so.3                                    00a88000-00a91f9c
/usr/lib/mysql/libmysqlclient.so.10                          006d1000-00707d60
/usr/X11R6/lib/libXRes.so.1                                  00572000-005731bc
/usr/lib/libkcal.so.2                                        0230f000-023e6ac0
/usr/lib/libptal.so.0                                        008d4000-008df800
/usr/lib/libltdl.so.3                                        00d86000-00d8cbd8
/usr/lib/libxfce4util.so.1                                   007e2000-007e41a4
/usr/lib/libdes425.so.3                                      007ab000-007ae384
/usr/lib/libkspell.so.4                                      00572000-005737ac
/usr/lib/libcanna.so.1                                       007e2000-008379b0
/usr/lib/libtk8.4.so                                         00899000-00965494
/lib/libext2fs.so.2                                          00973000-009896e0
/usr/lib/libqtmcop.so.1                                      00add000-00ae37e4
/lib/libdb.so.3                                              00693000-006cef28
/usr/lib/libosp.so.3                                         00a30000-00c1c6b0
/usr/lib/libusb-0.1.so.4                                     00a94000-00a9a5f8
/usr/lib/evolution/1.4/libcamel.so.0                         07751000-077d2b90
/usr/lib/libkdepim.so.1                                      078f6000-07954c28
/usr/lib/libaspell.so.15                                     07d65000-07dffd64
/usr/lib/libartskde.so.1                                     020f6000-0215a1ec
/usr/lib/libMagick.so.6                                      009d2000-00c3d884
/usr/X11R6/lib/libXss.so.1                                   07e02000-07e048fc
/usr/lib/evolution/1.4/libename.so.0                         008ca000-008d050c
/usr/X11R6/lib/libXaw3d.so.7                                 0083a000-00891d88
/usr/lib/libsane.so.1                                        00a9d000-00aa253c
/usr/lib/evolution/1.4/libversit.so.0                        009e4000-009edd5c
/usr/X11R6/lib/libXTrap.so.6                                 00693000-0069a6f8
/usr/lib/libnewt.so.0.51                                     006be000-006ccf9c
/usr/lib/libodbcinst.so.1                                    007e2000-007ed3cc
/usr/lib/evolution/1.4/libebook.so.0                         009b6000-009e17fc
/usr/lib/perl5/5.8.3/i386-linux-thread-multi/CORE/libperl.so 06f2f000-070618a0
/usr/lib/libsasl.so.7                                        00d79000-00d84ff4
/usr/lib/libopenobex-1.0.so.0                                0097d000-00982c1c
/usr/lib/libamu.so.2                                         00699000-006a1c78
/usr/lib/libcupsimage.so.2                                   00a70000-00a82708
/usr/lib/libxfce4mcs-client.so.1                             007e7000-007eb514
/usr/lib/libwwwapp.so.0                                      0091b000-0092fef8
/usr/lib/libwwwgopher.so.0                                   00915000-00918204
/usr/lib/libwwwcore.so.0                                     007e2000-008089e8
/usr/lib/libwwwtelnet.so.0                                   008df000-008e13f0
/usr/lib/libsvn_repos-1.so.0                                 00712000-007245f4
/usr/lib/libwwwcache.so.0                                    0082c000-008343e0
/usr/lib/libpisync.so.0                                      008ca000-008cd3d4
/usr/lib/libncursesw.so.5                                    006d1000-0071784c
/usr/lib/libsvn_fs-1.so.0                                    00727000-007455cc
/usr/lib/libodbc.so.1                                        008d4000-00930fc8
/usr/lib/libwwwnews.so.0                                     0089f000-008a66dc
/usr/lib/libwwwhttp.so.0                                     0080b000-0081d64c
/usr/lib/libwwwftp.so.0                                      007ab000-007b284c
/usr/lib/libsvn_subr-1.so.0                                  00748000-00766df0
/lib/libiw.so.26                                             006b8000-006bcd9c
/usr/lib/libwwwfile.so.0                                     008b5000-008bd400
/usr/lib/libwwwxml.so.0                                      008a9000-008b2c88
/usr/lib/libwnck-1.so.4                                      0099a000-009c2e44
/usr/lib/libwwwstream.so.0                                   008d6000-008dc374
/usr/lib/libaprutil-0.so.0                                   006d1000-006e5fd0
/usr/lib/libwwwhtml.so.0                                     008f3000-008feae4
/usr/lib/libwwwtrans.so.0                                    00901000-009067e0
/usr/lib/libmd5.so.0                                         007ba000-007bc264
/usr/lib/libtabe.so.2                                        00693000-006bbf90
/usr/lib/libsvn_delta-1.so.0                                 006e8000-006eee4c
/lib/libe2p.so.2                                             00698000-0069c5d0
/usr/lib/libgtkhtml-3.0.so.4                                 077d5000-0786cda4
/usr/lib/./libgcj.so.4                                       06f2f000-077ce400
/usr/lib/libxmltok.so.0                                      008c0000-008d3af4
/usr/lib/libwwwmime.so.0                                     00820000-00829b28
/usr/lib/libwwwzip.so.0                                      00909000-0090b1b4
/usr/lib/libapr-0.so.0                                       006f1000-0070fee0
/usr/lib/libscrollkeeper.so.0                                006d1000-006d8d60
/usr/lib/libwwwutils.so.0                                    008e4000-008ead00
/usr/lib/libwwwinit.so.0                                     007b5000-007b7a28
/usr/lib/libwwwmux.so.0                                      008ed000-008f0b64
/usr/lib/libxmlparse.so.0                                    00894000-0089c9c0
/usr/lib/libwwwdir.so.0                                      0090e000-00912e00
/usr/lib/libdbus-glib-1.so.0                                 009a3000-009ad808
/usr/lib/libkdefakes.so.4                                    00572000-00573b88
/usr/lib/libgconf-1.so.1                                     00bfe000-00c39b5c
/usr/lib/libnal.so.1                                         00693000-0069a574
/usr/lib/libartsbuilder.so.0                                 00b3b000-00bcb394
/usr/lib/liblinc.so.1                                        008ca000-008d0940
/usr/lib/libartsmidi_idl.so.0                                00ae6000-00b3802c
/usr/lib/libamclient-2.4.4p2.so                              006d5000-006db94c
/usr/lib/libspi.so.0                                         009c5000-00a01fb4
/usr/lib/libgstgconf-0.8.so.0                                008ca000-008cc95c
/usr/lib/libgphoto2_port.so.0                                009d2000-009d86f4
/usr/lib/libvorbisenc.so.2                                   00add000-00bc4c24
/usr/X11R6/lib/libXxf86misc.so.1                             00d7d000-00d7ff3c
/lib/libblkid.so.1                                           0069f000-006a59cc
/usr/lib/libkdenetwork.so.2                                  023e9000-024ba27c
/usr/lib/libgphoto2.so.2                                     07674000-076ed960
/usr/lib/libraw1394.so.5                                     006d1000-006d6368
/usr/lib/libSDL_mixer-1.2.so.0                               00be9000-00c26c10
/usr/lib/libkonq.so.4                                        00a88000-00b06720
/usr/lib/libspeex.so.1                                       0045b000-0046ffb4
/usr/lib/libkrbafs.so.0                                      00693000-00698d40
/usr/lib/libFLAC.so.4                                        006d1000-00705c48
/usr/X11R6/lib/libFS.so.6                                    00693000-0069e548
/usr/lib/libartsmodules.so.0                                 00bce000-00be0304
/usr/lib/libdv.so.4                                          007bf000-007e8de0
/usr/lib/libartsgui_idl.so.0                                 0215d000-0223c00c
/usr/lib/lib-javax-xml-transform-2.4.1.so                    0071f000-00735554
/usr/lib/libxklavier.so.8                                    009b2000-009c0d9c
/usr/lib/lib-javax-xml-parsers-2.2.1.so                      00738000-00787b4c
/usr/lib/libartsmoduleseffects.so.0                          0223f000-02379ed4
/usr/lib/libartsmodulesmixers.so.0                           002f3000-0036bc18
/usr/lib/libdistcache.so.1                                   0069d000-006a135c
/usr/lib/libartsmodulescommon.so.0                           078f6000-079a5f10
/usr/lib/libcapi20.so.2                                      00693000-0069f240
/usr/lib/libartsmodulessynth.so.0                            0237c000-0251e2b8
/usr/lib/lib-org-apache-regexp-1.2.so                        006d1000-006f5f94
/usr/lib/lib-org-xml-sax-2.2.1.so                            006f8000-0071c3c4
/usr/lib/libwiretap.so.0                                     007bf000-007dfb90
/usr/lib/libcspi.so.0                                        00973000-00984b84
/usr/lib/libartsgui_kde.so.0                                 02521000-025d2d80
/usr/lib/libwnn.so.0                                         00693000-006d5e80
/usr/lib/ooo-1.1/program/libsal.so.3                         00101000-002b74e8
/lib/libdevmapper.so.1.00                                    00693000-00698d04
/usr/lib/libknewstuff.so.1                                   008d4000-008fab84
/usr/lib/libglade.so.0                                       00a08000-00a1fbd0
/usr/lib/libgmp.so.3                                         008de000-00909f80
/usr/lib/ooo-1.1/program/libcppu.so.3                        00cfe000-00d2379c
/usr/lib/libcurl.so.2                                        00710000-0073aa3c
/usr/lib/libkdevelop.so.1                                    00a88000-00b1e540
/usr/lib/libImlib.so.11                                      0090c000-00936dcc
/usr/lib/libkpilot.so.0                                      008d4000-00905920
/usr/lib/libexslt.so.0                                       003ff000-0040dfa4
/usr/lib/libkbabelcommon.so.3                                00a88000-00ad1718
/usr/lib/libkatepartinterfaces.so.0                          0091c000-00932518
/usr/lib/libneon.so.24                                       00780000-0079ae68
/usr/lib/libkbabeldictplugin.so.1                            008d4000-008de304
/usr/lib/gnopernicus-1.0/libsrutil.so.1                      0098f000-009913c4
/usr/lib/libbonobo-print.so.2                                00a08000-00a0b5f8
/usr/lib/libnautilus-adapter.so.2                            0098b000-0098d5b4
/usr/lib/libpropertyeditor.so.0                              0091c000-00940c24
/usr/lib/libgnomespeech.so.7                                 00987000-0098cc9c
/usr/lib/libsvn_ra_svn-1.so.0                                00771000-0077d494
/usr/lib/qt-3.3/lib/libqui.so.1                              008e6000-00919300
/usr/lib/libpcap.so.0.8.3                                    00965000-00988ff0
/usr/X11R6/lib/libXv.so.1                                    007eb000-007ef388
/usr/lib/lib-org-apache-bcel-5.0.so                          008d4000-00a751bc
/usr/lib/libsvn_diff-1.so.0                                  00769000-0076e930
/usr/lib/ooo-1.1/program/libcppuhelpergcc3.so.3              00c45000-00c8fc80
/usr/lib/libgpilotd.so.2                                     00973000-00985d24
/usr/lib/librpmbuild-4.3.so                                  00766000-00799cdc
/usr/lib/libgimpprint.so.1                                   00b3b000-00bfbb60
/usr/lib/libaep.so.1                                         00693000-0069cdb4
/usr/lib/libgstcontrol-0.8.so.1                              00973000-0097d3f8
/usr/lib/ooo-1.1/program/libstlport_gcc.so                   002ba000-00374a5c
/usr/lib/libkickermain.so.1                                  008d4000-008e5454
/usr/lib/libnautilus-extension.so.1                          008ca000-008d04ac
/usr/lib/libworkman.so.6                                     00a88000-00a9a9f0
/usr/lib/libgstinterfaces-0.8.so.0                           0099a000-009a0664
/usr/lib/evolution/1.4/libical-evolution.so.0                0786f000-078ca92c
/usr/lib/libfribidi.so.0                                     00df1000-00dfd818
/usr/lib/libpanel.so.5                                       006e3000-006e6784
/usr/lib/libOggFLAC.so.1                                     00708000-0070dc6c
/usr/lib/evolution/1.4/libevolution-importer.so.0            009f0000-009f7a14
/usr/lib/gthumb/libgthumb.so                                 076f0000-07797d04
/usr/lib/libwpd-1.so.7                                       006d1000-00706ef0
/lib/libipsec.so.0                                           00693000-0069ef54
/usr/lib/libbtctl.so.1                                       00985000-00989f84
/usr/X11R6/lib/libfontenc.so.1                               008d4000-008d96d4
/usr/lib/libnautilus-private.so.2                            07258000-0730cb28
/usr/lib/libethereal.so.0                                    06f2f000-077bfd60
/usr/lib/libgsl.so.0                                         006b8000-008255d0
/usr/lib/libsvn_ra_dav-1.so.0                                007bf000-007d0c94
/usr/lib/libldap_r.so.2                                      0714b000-0717f820
/usr/lib/libdw.so.1                                          00693000-0069b290
/usr/lib/libkateutils.so.0                                   008d4000-008dca1c
/usr/lib/lib-org-apache-naming-bootstrap-4.1.27.so           00572000-00573fe0
/usr/lib/libkospell.so.4                                     00906000-0092c9f0
/usr/lib/libsvn_client-1.so.0                                007f6000-008136e0
/usr/lib/libgs.so.7                                          06f2f000-0752e124
/usr/lib/lib-org-apache-catalina-bootstrap-4.1.27.so         006d1000-006e988c
/usr/lib/libmimelib.so.1                                     008e6000-0091b31c
/usr/lib/libplds4.so                                         006be000-006c0bf0
/usr/lib/libnspr4.so                                         007bf000-007eede0
/usr/X11R6/lib/libXxf86dga.so.1                              00693000-00698278
/usr/lib/lib-org-apache-tools-tar-1.5.2.so                   0078a000-007994d0
/usr/lib/libnoatun.so.1                                      00c98000-00d3108c
/usr/lib/libkommanderwidgets.so.0                            008d4000-009331b4
/usr/lib/libguile-ltdl.so.1                                  008ca000-008d0638
/usr/lib/libisccc.so.0                                       00693000-00699314
/usr/lib/libcdda_paranoia.so.0                               00806000-0080cdd4
/usr/lib/libgnome-mag.so.1                                   0099b000-009a2c40
/usr/lib/libofx.so.0                                         006b8000-006d849c
/usr/lib/libwvutils.so.3.7                                   0071d000-00729e1c
/usr/lib/libgthread-1.2.so.0                                 006be000-006c07e0
/usr/lib/libgcjgc.so.1                                       006d1000-006eef60
/usr/lib/librom1394.so.0                                     006d9000-006dbeec
/usr/lib/libgnomecanvaspixbuf.so.1                           00b10000-00b13c24
/usr/lib/lib-org-apache-tools-ant-1.5.2.so                   00a78000-00c78540
/usr/lib/libguile.so.12                                      00973000-00a13f10
/usr/lib/libgnorba.so.27                                     007f2000-007fdf14
/usr/lib/libkmid.so.0                                        00a88000-00aa0ce4
/usr/lib/libqthreads.so.12                                   00572000-00573944
/usr/lib/libesmtp.so.5                                       0045b000-0046a840
/usr/lib/libvte.so.4                                         00973000-00a2919c
/usr/X11R6/lib/libxcin.so.0                                  007ab000-007c6c70
/usr/lib/libxmms.so.1                                        007e2000-007ee6b4
/usr/lib/libavc1394.so.0                                     006b8000-006bba40
/usr/lib/libglade-gnome.so.0                                 00c3c000-00c4acbc
/usr/lib/ooo-1.1/program/libsalhelpergcc3.so.3               008a7000-008a99ac
/usr/lib/liblockdev.so.1                                     006d1000-006d4da4
/usr/lib/libgpilotdconduit.so.2                              00990000-009a16dc
/usr/lib/lib-javax-mail-20031006.so                          0080c000-0088cc78
/usr/lib/libgsf-gnome-1.so.1                                 008ca000-008ce5d8
/usr/lib/libgdkcardimage.so.0                                00d78000-00d828c4
/usr/lib/libgtop-2.0.so.2                                    00973000-00982da8
/usr/lib/libutempter.so.0                                    00572000-00573b84
/usr/lib/libgtkhtml-2.so.0                                   009b5000-00a17e2c
/usr/lib/libgal.so.23                                        00c4d000-00d5ff3c
/usr/lib/libkdeeduplot.so.1                                  008e6000-008f1748
/usr/lib/libgtkspell.so.0                                    007e2000-007e6b24
/usr/lib/libartscontrolsupport.so.1                          00be3000-00c19ee0
/usr/lib/evolution/1.4/libwombat.so.0                        009f0000-009f38fc
/usr/lib/evolution/1.4/libmenus.so.0                         009f0000-009f3d9c
/usr/lib/libkcddb.so.1                                       00a9d000-00abbf98
/usr/lib/libkscript.so.0                                     00935000-0093d264
/usr/lib/lib-org-apache-xalan-2.4.1.so                       00101000-00477358
/usr/lib/libcdda_interface.so.0                              007f2000-00803b7c
/usr/lib/libao.so.2                                          00953000-009563f8
/usr/lib/ooo-1.1/program/libtl645li.so                       0706e000-0711fab4
/usr/lib/lib-java_cup-10.11.so                               007bf000-008060e8
/usr/lib/libktnef.so.1                                       0091e000-00930e24
/usr/lib/libkorganizer_eventviewer.so.1                      008fd000-0091038c
/usr/lib/libgslcblas.so.0                                    00828000-00857338
/usr/lib/libsvn_ra-1.so.0                                    0079d000-0079f2a8
/usr/X11R6/lib/libXfont.so.1                                 006d1000-00748918
/usr/lib/libruby.so.1.8                                      006be000-007908fc
/usr/lib/libkmdi.so.1                                        002f3000-00354808
/usr/lib/libparted-1.6.so.0                                  00698000-006e3b4c
/usr/lib/gnopernicus-1.0/libsrconf.so.1                      00994000-00998a94
/usr/lib/lib-javax-activation-20030319.so                    007ca000-007e31d8
/usr/lib/libgpilotdcm.so.2                                   00988000-0098d358
/usr/lib/libnoatunarts.so                                    025d5000-026795b4
/usr/lib/libexpect5.39.so                                    0079b000-007c3c5c
/usr/lib/htdig/libfuzzy-3.2.0.so                             00826000-00833f1c
/usr/lib/libkalarmd.so.0                                     00ae6000-00af1090
/usr/lib/ooo-1.1/program/libcomphelp3gcc3.so                 07122000-071d49d8
/usr/lib/libgcj.so.1                                         008d4000-00bbaea8
/usr/lib/libsensors.so.3                                     006b8000-006e9284
/usr/lib/libkdeeducore.so.1                                  008d4000-008d6d7c
/usr/lib/librep.so.9                                         00973000-009c6c2c
/usr/lib/lib-org-apache-xerces-2.2.1.so                      00a78000-00daaae4
/usr/lib/evolution/1.4/libcal-util.so.0                      009f6000-00a14e84
/usr/lib/libgnome-media-profiles.so.0                        00973000-0097d658
/usr/lib/ooo-1.1/program/libucbhelper2gcc3.so                00482000-005095f8
/usr/lib/libkofficeui.so.2                                   004a3000-0054c808
/usr/lib/libsvn_ra_local-1.so.0                              007a2000-007a5f90
/usr/lib/lib-org-apache-commons-logging-1.0.2.so             007bf000-007c7fd0
/usr/lib/lib-java_cup-runtime-10.11.so                       0078a000-007933c4
/usr/lib/libgpg-error.so.0                                   0069b000-0069e41c
/usr/lib/libsvn_wc-1.so.0                                    00816000-00837504
/usr/lib/libgtkhtml-1.1.so.3                                 00249000-002db718
/usr/lib/lib-org-apache-tools-mail-1.5.2.so                  0079c000-007a44f4
/usr/lib/lib-org-apache-tools-bzip2-1.5.2.so                 007f9000-0080932c
/usr/lib/libatlantikui.so.1                                  008d4000-00900410
/usr/lib/ooo-1.1/program/libvos3gcc3.so                      00d26000-00d4e980
/usr/lib/libgconf-gtk-1.so.1                                 00a22000-00a284e8
/usr/lib/lib-org-apache-tools-zip-1.5.2.so                   007e6000-007f69d4
/usr/lib/libcddb-slave2.so.0                                 008ca000-008d1be8
/usr/lib/libatlantic.so.1                                    00903000-00914598
/usr/lib/libisccfg.so.0                                      0069c000-006abbc8
/usr/lib/libwvstreams.so.3.7                                 006d7000-0071a9bc
/usr/lib/libplc4.so                                          006c3000-006c6378
/usr/lib/libpt.so.1.6.5                                      0722e000-076568d4
/usr/lib/libtclx8.3.so                                       0079b000-007bafd0
/usr/lib/libkdeprint_management.so.4                         003ff000-004cf854
/usr/lib/libartsgui.so.0                                     00be3000-00bea490
/usr/lib/libghttp.so.1                                       00d6d000-00d74c84
/usr/lib/libIDL-2.so.0                                       006be000-006e5b24
/usr/lib/libdbh-1.0.so.1                                     009df000-009e5498
/usr/lib/libqtc.so.1                                         07d76000-07f6bdd8
/usr/lib/libblas.so.3                                        008d4000-009221c4
/usr/lib/libmcop_mt.so.1                                     006be000-006c282c
/usr/lib/liberuby.so.1.0                                     00793000-00797558
/usr/lib/libxffm_book.so.0                                   009f2000-009f6b24
/usr/lib/libkdeinit_kmix.so                                  00a88000-00ac8540
/usr/lib/libkdecorations.so.1                                00944000-0094eca0
/usr/lib/libkdeinit_kedit.so                                 008d4000-008f7f94
/usr/lib/librecode.so.0                                      00693000-007cd750
/usr/lib/libkdeinit_kview.so                                 008d4000-008ea774
/usr/lib/libg2c.so.0                                         006be000-006dbae4
/usr/lib/evolution/1.4/libeshell.so.0                        07177000-071aec6c
/usr/lib/libkontact.so.1                                     008d4000-008d8980
/usr/lib/libRKC.so.1                                         00894000-008a7b1c
/usr/lib/libk3bdevice.so.2                                   00ae6000-00b1ef08
/usr/lib/evolution/1.4/libedb3util.so.0                      00a17000-00a19a14
/usr/X11R6/lib/libMrm.so.1                                   00693000-006a50f0
/usr/lib/libkdeinit_kconf_update.so                          008d4000-008deabc
/usr/lib/libatlantikclient.so.1                              00917000-009304ac
/usr/lib/im/lib/libiiimp.so.0                                006be000-006e4624
/usr/lib/libxffm_apps.so.0                                   009e8000-009eaf84
/usr/lib/libkompareinterface.so.0                            008d4000-008d63a4
/usr/lib/libkabinterfaces.so.1                               008e6000-008f0ce4
/usr/lib/evolution/1.4/libetimezonedialog.so.0               008ca000-008cd22c
/usr/lib/libkmidlib.so.0                                     00b6c000-00bb8ca0
/usr/lib/libkateinterfaces.so.0                              00b6c000-00c0fdcc
/usr/lib/libkdeinit_krandrinithack.so                        008d4000-008e8e44
/usr/lib/libxsldbg.so.3                                      008e3000-00901dec
/usr/lib/libdistcacheserver.so.1                             006a4000-006a7438
/usr/lib/libxfce4mcs-manager.so.1                            007ab000-007b0f98
/usr/lib/libkmediaplayer.so.0                                00ae6000-00af1f00
/usr/lib/libopcodes-2.15.90.0.3.so                           00693000-006a61d8
/usr/lib/libtix8.1.8.4.so                                    0079b000-007d39fc
/usr/lib/libksplashthemes.so.0                               008d4000-008df8e4
/usr/lib/libkopete.so.1                                      003ff000-004a4a08
/usr/lib/libcvsservice.so.0                                  008d4000-008df664
/usr/lib/lib-javax-servlet-2.3.so                            00c7b000-00cc3808
/usr/lib/libkdeinit_kate.so                                  008df000-008e245c
/usr/lib/ooo-1.1/program/libutl645li.so                      003e7000-0046f408
/usr/lib/lib-org-apache-jasper-4.1.27.so                     00cc6000-00d9fc78
/usr/lib/libkdeinit_ksmserver.so                             008d4000-008f8758
/usr/lib/libkdeinit_kweatherreport.so                        008e6000-008f1960
/usr/lib/evolution/1.4/libcal-client.so.0                    009b6000-009d0b30
/usr/lib/libpgtcl.so.2                                       006ee000-006f53e4
/usr/lib/libkdeinit_appletproxy.so                           008e8000-008f07f4
/usr/lib/libedsio.so.0                                       00693000-006a381c
/usr/lib/libkopainter.so.1                                   00a88000-00ab0060
/usr/lib/libmikmod.so.2                                      006be000-006fbce4
/usr/lib/libkdeinit_kprinter.so                              008d4000-008deb38
/usr/lib/libxffm_actions.so.0                                009ca000-009dc9a8
/usr/lib/libkdeinit_kfmclient.so                             008d4000-008eb1b8
/usr/lib/libkoscript.so.2                                    008d4000-0092a3b4
/usr/lib/libkdeinit_konqueror.so                             00b6c000-00c2de1c
/usr/lib/libnmz.so.7                                         006b8000-006e1da0
/usr/lib/librss.so.1                                         008d4000-008ed220
/usr/lib/libkdeinit_irkick.so                                008d4000-008fe5a8
/usr/lib/libkghostviewlib.so.0                               008d4000-00944800
/usr/lib/libkmailprivate.so.0                                024bd000-028858a0
/usr/lib/libijs.so                                           006d1000-006d546c
/usr/lib/libkdeinit_konsole.so                               00a88000-00b1df44
/usr/lib/octave-2.1.50/libcruft.so                           006de000-00734d20
/usr/lib/kivio.so                                            00906000-0090875c
/usr/lib/libSDL_net-1.2.so.0                                 006be000-006c1560
/usr/lib/libkdeinit_kxkb.so                                  008d4000-008eeda0
/usr/lib/libqtnotfier.so.3                                   008d4000-008e0984
/usr/lib/libpcreposix.so.0                                   00693000-006957c8
/usr/lib/libtkx8.3.so                                        006be000-006c0560
/usr/lib/libwnn6.so.1.0                                      00839000-00890660
/usr/lib/libIDL-0.6.so.0                                     006be000-006e3af4
/usr/lib/karbon.so                                           0092f000-0093137c
/usr/lib/kchart.so                                           00906000-0090847c
/usr/lib/libxffm_fstab.so.0                                  007ee000-007f0da8
/usr/lib/libkdec.so.1                                        0230f000-025db0e8
/usr/lib/libxmlsec1.so.1                                     006d1000-0071dacc
/usr/lib/libksieve.so.0                                      00933000-0093f3dc
/usr/lib/evolution/1.4/libemiscwidgets.so.0                  009b6000-009de940
/usr/lib/libgnorbagtk.so.0                                   0079b000-007a1758
/usr/lib/libxffmsmb.so.0                                     0098d000-00995920
/usr/lib/libxffm_tubo.so.0                                   009ed000-009ef8c0
/usr/X11R6/lib/libUil.so.3                                   007e2000-008468fc
/usr/lib/libkdeinit_kcontrol.so                              008d4000-0091ba34
/usr/lib/libefs.so.1                                         00693000-0069f89c
/usr/lib/libostyle.so.0                                      00101000-002f3890
/usr/lib/libkdeinit_kdesktop.so                              008d4000-00949fe8
/usr/lib/libkpinterfaces.so.1                                008db000-008ed9bc
/usr/lib/liblapack.so.3                                      06f2f000-073bbda0
/usr/lib/libkdeinit_kbuildsycoca.so                          008d4000-009011fc
/usr/lib/libubsec.so.0                                       00693000-006996dc
/usr/lib/kugar.so                                            00906000-0090879c
/usr/lib/libkcmlaptop.so.0                                   008d4000-008e7ce4
/usr/lib/libkdeinit_kcminit.so                               008d4000-008daa24
/usr/lib/libkdeinit_dcopserver.so                            008d4000-008e9f48
/usr/lib/ooo-1.1/program/libxcr645li.so                      006d1000-0074f920
/usr/lib/octave-2.1.50/liboctinterp.so                       00a30000-00ca7150
/usr/X11R6/lib/libXm.so.1                                    007e2000-008fac0c
/usr/lib/libpisock++.so.0                                    006b8000-006bfbb0
/usr/lib/libkdeinit_kaddprinterwizard.so                     008d4000-008d647c
/usr/lib/libkdeinit_krec.so                                  00c98000-00cd438c
/usr/lib/libxffm_calls.so.0                                  00998000-009acff4
/usr/lib/gnopernicus-1.0/libsrs.so.1                         00a04000-00a0b6d8
/usr/lib/libkdeinit_kmixctrl.so                              00a88000-00a9c540
/usr/lib/libkdeinit_kmenuedit.so                             008d4000-008fcb80
/usr/lib/libogrove.so.0                                      006b8000-006c6458
/usr/lib/libkorganizer.so.1                                  07d07000-07eab5a0
/usr/lib/koshell.so                                          0092f000-0094294c
/usr/lib/libkjsembed.so.1                                    00b6c000-00c0fdb0
/usr/lib/kudesigner.so                                       00906000-009087fc
/usr/lib/libk3btools.so.2                                    00b6c000-00bc9ec0
/usr/lib/libgdk_pixbuf_xlib.so.2                             007ab000-007c89a8
/usr/lib/kde3/libkarbonbase.so                               00934000-0093e290
/usr/lib/libplanner-1.so                                     00973000-00993dac
/usr/lib/libkdeinit_mrmlsearch.so                            008d4000-008e0b00
/usr/lib/libospgrove.so.0                                    006c9000-007344a4
/usr/lib/libhpojip.so.0                                      006b8000-006d84e8
/usr/lib/libkdeinit_ksirc.so                                 07d07000-07e98440
/usr/lib/libmagic.so.1                                       00693000-0069e7f0
/usr/lib/gnopernicus-1.0/libbrl.so.1                         009b0000-009bae48
/usr/lib/libkdeinit_kded.so                                  008d4000-008f3930
/usr/lib/libkdeinit_klipper.so                               008d4000-00900a6c
/usr/lib/libkolf.so.1                                        00c98000-00d2292c
/usr/lib/libkdeinit_cupsdconf.so                             008d4000-00920f2c
/usr/lib/gnopernicus-1.0/libsrlow.so.1                       00a0e000-00a2bf08
/usr/lib/libxffm_fgr.so.0                                    008ca000-008d0a94
/usr/lib/libkdeinit_ark.so                                   008d4000-008eeb34
/usr/lib/libkdeinit_khotkeys.so                              008d4000-00912a40
/usr/lib/libkdgantt.so.0                                     00a88000-00affc08
/usr/lib/libgcrypt.so.11                                     006a1000-006ecae4
/usr/lib/libk3bcore.so.2                                     00bff000-00c28508
/usr/lib/kword.so                                            00906000-00908a5c
/usr/lib/Chinput/im/libimm_server.so                         00a30000-00a66bc4
/usr/lib/libgucharmap.so.4                                   0722e000-0758623c
/usr/lib/libkdevcatalog.so.0                                 008d4000-008d729c
/usr/lib/libkdeinit_kio_uiserver.so                          008d4000-008f8fe8
/usr/lib/libk3bplugin.so.2                                   00bcc000-00bfcff8
/usr/lib/libgtksourceview-1.0.so.0                           00973000-0099ed78
/usr/lib/libkdeinit_kcmshell.so                              008d4000-008f3cf4
/usr/lib/libxffm.so.0                                        009af000-009c7fec
/usr/X11R6/lib/libXfontcache.so.1                            00572000-00573f5c
/usr/lib/libkdeinit_noatun.so                                00bed000-00bef89c
/usr/lib/libh323_linux_x86_r.so.1.13.4                       020f6000-02e36acc
/usr/lib/libkdeinit_kwin.so                                  008d4000-009411dc
/usr/lib/libkdeinit_kolf.so                                  00ad5000-00ad8a80
/usr/lib/libkdeinit_kuickshow.so                             00a88000-00acfcb0
/usr/lib/libkdeinit_kio_http_cache_cleaner.so                008d4000-008d9540
/usr/lib/liblwres.so.1                                       00693000-006a19bc
/usr/lib/libSDL_image-1.2.so.0                               007bf000-007d6e78
/usr/lib/libksync.so.1                                       008d4000-008e086c
/usr/X11R6/lib/libMrm.so.3                                   00693000-006b1fc0
/usr/lib/libgaim-remote.so.0                                 00693000-006951f4
/usr/lib/kde3/libkxsldbgpart.so.1                            00a88000-00ae9564
/usr/lib/gnopernicus-1.0/libke.so.1                          009bd000-009c1504
/usr/lib/libmusicbrainz.so.2                                 00d4d000-00d83b58
/usr/lib/kpresenter.so                                       00906000-0090875c
/usr/lib/libkdeinit_kicker.so                                00b6c000-00c3d8e0
/usr/lib/libpspell.so.15                                     00572000-005736a0
/usr/lib/libkdeinit_kcalc.so                                 008d4000-0090b990
/usr/lib/libkdevcppparser.so.0                               00b6c000-00bcad10
/usr/lib/libkdeinit_kcookiejar.so                            008d4000-008d6388
/usr/lib/kde3/libkdevcppsupport.so                           078f6000-079d65ec
/usr/lib/libkdeinit_kjobviewer.so                            008d4000-008dd8fc
/usr/lib/libxdelta.so.2                                      006a6000-006b0aec
/usr/lib/gnopernicus-1.0/libmag.so.1                         009a5000-009adf0c
/usr/lib/libksgrd.so.1                                       008d4000-008f67d4
/usr/lib/kspread.so                                          00906000-0090895c
/usr/lib/libkdeinit_kaccess.so                               008d4000-008dcbc4
/usr/lib/libkaddressbook.so.0                                003ff000-004dafc4
/usr/lib/libkdeinit_extensionproxy.so                        008e8000-008ef9b4
/usr/lib/kde3/libkarbonpart.so                               07e02000-07f2f5e0
/usr/lib/libkregexpeditorcommon.so.1                         00a88000-00b23ed8
/lib/tls/libthread_db.so.1                                   00693000-00699138
/usr/lib/libots-1.so.0                                       006d1000-006d67ec
/usr/lib/im/locale/UNIT/common/ctim.so.0                     00693000-00698684
/lib/libss.so.2                                              006a8000-006acf88
/usr/lib/ooo-1.1/program/libpkgchk645li.so                   00752000-0077aa10
/usr/lib/libkscan.so.1                                       00aa5000-00b14d44
/usr/lib/libkdeinit_khelpcenter.so                           00a88000-00af46c0
/usr/lib/libkdeinit_klauncher.so                             008d4000-008ee22c
/usr/lib/libkdeinit_keditbookmarks.so                        008d4000-00934b20
/usr/lib/libkpovmodeler.so.0                                 02000000-0235d1ac
/usr/lib/libkdeinit_kwrite.so                                00935000-0094aa28
/usr/lib/libk3bproject.so.2                                  0215d000-02319784
/usr/lib/octave-2.1.50/liboctave.so                          00737000-00886bd0
/usr/lib/lib-org-apache-xalan-xsltc-2.4.1.so                 07935000-07b4b12c
/usr/lib/kformulamain.so                                     00906000-0090869c
/usr/lib/libkdeinit_kwrited.so                               008d4000-008db9ec
/usr/lib/libcanna16.so.1                                     007e2000-00836c90
/usr/lib/dia/libdia.so                                       00973000-009d6ee0
/usr/lib/ooo-1.1/program/libsot645li.so                      00559000-005a3560
/usr/lib/ooo-1.1/program/libsvl645li.so                      00559000-006a5e28
/usr/lib/ooo-1.1/program/libpsp645li.so                      00559000-006187f0
Prelinking /usr/X11R6/lib/xscreensaver/flyingtoasters
/usr/sbin/prelink: /usr/X11R6/lib/xscreensaver/flyingtoasters: Cannot prelink against non-PIC shared library /usr/X11R6/lib/libGL.so.1
Prelinking /usr/X11R6/lib/xscreensaver/rubik
/usr/sbin/prelink: /usr/X11R6/lib/xscreensaver/rubik: Cannot prelink against non-PIC shared library /usr/X11R6/lib/libGL.so.1
Prelinking /usr/bin/tuxracer
/usr/sbin/prelink: /usr/bin/tuxracer: Cannot prelink against non-PIC shared library /usr/X11R6/lib/libGL.so.1
Prelinking /usr/X11R6/lib/xscreensaver/sierpinski3d
/usr/sbin/prelink: /usr/X11R6/lib/xscreensaver/sierpinski3d: Cannot prelink against non-PIC shared library /usr/X11R6/lib/libGL.so.1
Prelinking /usr/X11R6/lib/xscreensaver/sballs
/usr/sbin/prelink: /usr/X11R6/lib/xscreensaver/sballs: Cannot prelink against non-PIC shared library /usr/X11R6/lib/libGL.so.1
Prelinking /usr/X11R6/lib/xscreensaver/morph3d
/usr/sbin/prelink: /usr/X11R6/lib/xscreensaver/morph3d: Cannot prelink against non-PIC shared library /usr/X11R6/lib/libGL.so.1
Prelinking /usr/X11R6/lib/xscreensaver/lament
/usr/sbin/prelink: /usr/X11R6/lib/xscreensaver/lament: Cannot prelink against non-PIC shared library /usr/X11R6/lib/libGL.so.1
Prelinking /usr/X11R6/lib/xscreensaver/glplanet
/usr/sbin/prelink: /usr/X11R6/lib/xscreensaver/glplanet: Cannot prelink against non-PIC shared library /usr/X11R6/lib/libGL.so.1
Prelinking /usr/X11R6/lib/xscreensaver/atlantis
/usr/sbin/prelink: /usr/X11R6/lib/xscreensaver/atlantis: Cannot prelink against non-PIC shared library /usr/X11R6/lib/libGL.so.1
Prelinking /usr/X11R6/lib/xscreensaver/gears
/usr/sbin/prelink: /usr/X11R6/lib/xscreensaver/gears: Cannot prelink against non-PIC shared library /usr/X11R6/lib/libGL.so.1
Prelinking /usr/X11R6/lib/xscreensaver/flipflop
/usr/sbin/prelink: /usr/X11R6/lib/xscreensaver/flipflop: Cannot prelink against non-PIC shared library /usr/X11R6/lib/libGL.so.1
Prelinking /usr/bin/kwave.kss
/usr/sbin/prelink: /usr/bin/kwave.kss: Cannot prelink against non-PIC shared library /usr/X11R6/lib/libGL.so.1
Prelinking /usr/X11R6/lib/xscreensaver/lavalite
/usr/sbin/prelink: /usr/X11R6/lib/xscreensaver/lavalite: Cannot prelink against non-PIC shared library /usr/X11R6/lib/libGL.so.1
Prelinking /usr/X11R6/lib/xscreensaver/antspotlight
/usr/sbin/prelink: /usr/X11R6/lib/xscreensaver/antspotlight: Cannot prelink against non-PIC shared library /usr/X11R6/lib/libGL.so.1
Prelinking /usr/X11R6/lib/xscreensaver/atunnel
/usr/sbin/prelink: /usr/X11R6/lib/xscreensaver/atunnel: Cannot prelink against non-PIC shared library /usr/X11R6/lib/libGL.so.1
Prelinking /usr/X11R6/lib/xscreensaver/glknots
/usr/sbin/prelink: /usr/X11R6/lib/xscreensaver/glknots: Cannot prelink against non-PIC shared library /usr/X11R6/lib/libGL.so.1
Prelinking /usr/X11R6/lib/xscreensaver/superquadrics
/usr/sbin/prelink: /usr/X11R6/lib/xscreensaver/superquadrics: Cannot prelink against non-PIC shared library /usr/X11R6/lib/libGL.so.1
Prelinking /usr/X11R6/lib/xscreensaver/stonerview
/usr/sbin/prelink: /usr/X11R6/lib/xscreensaver/stonerview: Cannot prelink against non-PIC shared library /usr/X11R6/lib/libGL.so.1
Prelinking /usr/X11R6/lib/xscreensaver/klein
/usr/sbin/prelink: /usr/X11R6/lib/xscreensaver/klein: Cannot prelink against non-PIC shared library /usr/X11R6/lib/libGL.so.1
Prelinking /usr/bin/kpovmodeler
/usr/sbin/prelink: /usr/bin/kpovmodeler: Cannot prelink against non-PIC shared library /usr/X11R6/lib/libGL.so.1
Prelinking /usr/X11R6/lib/xscreensaver/glforestfire
/usr/sbin/prelink: /usr/X11R6/lib/xscreensaver/glforestfire: Cannot prelink against non-PIC shared library /usr/X11R6/lib/libGL.so.1
Prelinking /usr/bin/keuphoria.kss
/usr/sbin/prelink: /usr/bin/keuphoria.kss: Cannot prelink against non-PIC shared library /usr/X11R6/lib/libGL.so.1
Prelinking /usr/X11R6/lib/xscreensaver/blinkbox
/usr/sbin/prelink: /usr/X11R6/lib/xscreensaver/blinkbox: Cannot prelink against non-PIC shared library /usr/X11R6/lib/libGL.so.1
Prelinking /usr/X11R6/lib/xscreensaver/engine
/usr/sbin/prelink: /usr/X11R6/lib/xscreensaver/engine: Cannot prelink against non-PIC shared library /usr/X11R6/lib/libGL.so.1
Prelinking /usr/X11R6/lib/xscreensaver/menger
/usr/sbin/prelink: /usr/X11R6/lib/xscreensaver/menger: Cannot prelink against non-PIC shared library /usr/X11R6/lib/libGL.so.1
Prelinking /usr/bin/chromium
/usr/sbin/prelink: /usr/bin/chromium: Cannot prelink against non-PIC shared library /usr/X11R6/lib/libGL.so.1
Prelinking /bin/bash
/usr/sbin/prelink: /bin/bash: Not enough room to add .dynamic entry
Prelinking /usr/X11R6/lib/xscreensaver/blocktube
/usr/sbin/prelink: /usr/X11R6/lib/xscreensaver/blocktube: Cannot prelink against non-PIC shared library /usr/X11R6/lib/libGL.so.1
Prelinking /usr/X11R6/lib/xscreensaver/stairs
/usr/sbin/prelink: /usr/X11R6/lib/xscreensaver/stairs: Cannot prelink against non-PIC shared library /usr/X11R6/lib/libGL.so.1
Prelinking /usr/X11R6/lib/xscreensaver/jigglypuff
/usr/sbin/prelink: /usr/X11R6/lib/xscreensaver/jigglypuff: Cannot prelink against non-PIC shared library /usr/X11R6/lib/libGL.so.1
Prelinking /usr/X11R6/lib/xscreensaver/spheremonics
/usr/sbin/prelink: /usr/X11R6/lib/xscreensaver/spheremonics: Cannot prelink against non-PIC shared library /usr/X11R6/lib/libGL.so.1
Prelinking /usr/X11R6/lib/xscreensaver/glslideshow
/usr/sbin/prelink: /usr/X11R6/lib/xscreensaver/glslideshow: Cannot prelink against non-PIC shared library /usr/X11R6/lib/libGL.so.1
Prelinking /usr/X11R6/lib/xscreensaver/glsnake
/usr/sbin/prelink: /usr/X11R6/lib/xscreensaver/glsnake: Cannot prelink against non-PIC shared library /usr/X11R6/lib/libGL.so.1
Prelinking /usr/X11R6/lib/xscreensaver/pulsar
/usr/sbin/prelink: /usr/X11R6/lib/xscreensaver/pulsar: Cannot prelink against non-PIC shared library /usr/X11R6/lib/libGL.so.1
Prelinking /usr/X11R6/lib/xscreensaver/gflux
/usr/sbin/prelink: /usr/X11R6/lib/xscreensaver/gflux: Cannot prelink against non-PIC shared library /usr/X11R6/lib/libGL.so.1
Prelinking /usr/X11R6/lib/xscreensaver/boxed
/usr/sbin/prelink: /usr/X11R6/lib/xscreensaver/boxed: Cannot prelink against non-PIC shared library /usr/X11R6/lib/libGL.so.1
Prelinking /usr/bin/emacs-nox
/usr/sbin/prelink: /usr/bin/emacs-nox: COPY relocations don't point into .bss or .sbss section
Prelinking /usr/X11R6/lib/xscreensaver/mirrorblob
/usr/sbin/prelink: /usr/X11R6/lib/xscreensaver/mirrorblob: Cannot prelink against non-PIC shared library /usr/X11R6/lib/libGL.so.1
Prelinking /usr/X11R6/lib/xscreensaver/bubble3d
/usr/sbin/prelink: /usr/X11R6/lib/xscreensaver/bubble3d: Cannot prelink against non-PIC shared library /usr/X11R6/lib/libGL.so.1
Prelinking /usr/X11R6/lib/xscreensaver/hypertorus
/usr/sbin/prelink: /usr/X11R6/lib/xscreensaver/hypertorus: Cannot prelink against non-PIC shared library /usr/X11R6/lib/libGL.so.1
Prelinking /usr/X11R6/lib/xscreensaver/gltext
/usr/sbin/prelink: /usr/X11R6/lib/xscreensaver/gltext: Cannot prelink against non-PIC shared library /usr/X11R6/lib/libGL.so.1
Prelinking /usr/X11R6/lib/xscreensaver/sproingies
/usr/sbin/prelink: /usr/X11R6/lib/xscreensaver/sproingies: Cannot prelink against non-PIC shared library /usr/X11R6/lib/libGL.so.1
Prelinking /usr/bin/emacs-nox-21.3
/usr/sbin/prelink: /usr/bin/emacs-nox-21.3: COPY relocations don't point into .bss or .sbss section
Prelinking /usr/X11R6/lib/xscreensaver/gleidescope
/usr/sbin/prelink: /usr/X11R6/lib/xscreensaver/gleidescope: Cannot prelink against non-PIC shared library /usr/X11R6/lib/libGL.so.1
Prelinking /usr/X11R6/lib/xscreensaver/pipes
/usr/sbin/prelink: /usr/X11R6/lib/xscreensaver/pipes: Cannot prelink against non-PIC shared library /usr/X11R6/lib/libGL.so.1
Prelinking /usr/X11R6/lib/xscreensaver/queens
/usr/sbin/prelink: /usr/X11R6/lib/xscreensaver/queens: Cannot prelink against non-PIC shared library /usr/X11R6/lib/libGL.so.1
Prelinking /usr/X11R6/bin/glxinfo
/usr/sbin/prelink: /usr/X11R6/bin/glxinfo: Cannot prelink against non-PIC shared library /usr/X11R6/lib/libGL.so.1
Prelinking /usr/X11R6/lib/xscreensaver/flipscreen3d
/usr/sbin/prelink: /usr/X11R6/lib/xscreensaver/flipscreen3d: Cannot prelink against non-PIC shared library /usr/X11R6/lib/libGL.so.1
Prelinking /usr/X11R6/lib/xscreensaver/circuit
/usr/sbin/prelink: /usr/X11R6/lib/xscreensaver/circuit: Cannot prelink against non-PIC shared library /usr/X11R6/lib/libGL.so.1
Prelinking /usr/bin/ksolarwinds.kss
/usr/sbin/prelink: /usr/bin/ksolarwinds.kss: Cannot prelink against non-PIC shared library /usr/X11R6/lib/libGL.so.1
Prelinking /usr/bin/kfountain.kss
/usr/sbin/prelink: /usr/bin/kfountain.kss: Cannot prelink against non-PIC shared library /usr/X11R6/lib/libGL.so.1
Prelinking /usr/X11R6/bin/xscreensaver-gl-helper
/usr/sbin/prelink: /usr/X11R6/bin/xscreensaver-gl-helper: Cannot prelink against non-PIC shared library /usr/X11R6/lib/libGL.so.1
Prelinking /usr/X11R6/lib/xscreensaver/glmatrix
/usr/sbin/prelink: /usr/X11R6/lib/xscreensaver/glmatrix: Cannot prelink against non-PIC shared library /usr/X11R6/lib/libGL.so.1
Prelinking /usr/X11R6/lib/xscreensaver/moebius
/usr/sbin/prelink: /usr/X11R6/lib/xscreensaver/moebius: Cannot prelink against non-PIC shared library /usr/X11R6/lib/libGL.so.1
Prelinking /usr/X11R6/lib/xscreensaver/molecule
/usr/sbin/prelink: /usr/X11R6/lib/xscreensaver/molecule: Cannot prelink against non-PIC shared library /usr/X11R6/lib/libGL.so.1
Prelinking /usr/X11R6/lib/xscreensaver/polytopes
/usr/sbin/prelink: /usr/X11R6/lib/xscreensaver/polytopes: Cannot prelink against non-PIC shared library /usr/X11R6/lib/libGL.so.1
Prelinking /usr/X11R6/lib/xscreensaver/endgame
/usr/sbin/prelink: /usr/X11R6/lib/xscreensaver/endgame: Cannot prelink against non-PIC shared library /usr/X11R6/lib/libGL.so.1
Prelinking /usr/X11R6/lib/xscreensaver/glblur
/usr/sbin/prelink: /usr/X11R6/lib/xscreensaver/glblur: Cannot prelink against non-PIC shared library /usr/X11R6/lib/libGL.so.1
Prelinking /usr/X11R6/lib/xscreensaver/cage
/usr/sbin/prelink: /usr/X11R6/lib/xscreensaver/cage: Cannot prelink against non-PIC shared library /usr/X11R6/lib/libGL.so.1
Prelinking /usr/lib/ooo-1.1/program/msgbox-gnome
/usr/sbin/prelink: /usr/lib/ooo-1.1/program/msgbox-gnome: Not enough room to add .dynamic entry
Prelinking /usr/X11R6/lib/xscreensaver/starwars
/usr/sbin/prelink: /usr/X11R6/lib/xscreensaver/starwars: Cannot prelink against non-PIC shared library /usr/X11R6/lib/libGL.so.1
Prelinking /usr/X11R6/lib/xscreensaver/bouncingcow
/usr/sbin/prelink: /usr/X11R6/lib/xscreensaver/bouncingcow: Cannot prelink against non-PIC shared library /usr/X11R6/lib/libGL.so.1
Prelinking /usr/bin/emacs-21.3
/usr/sbin/prelink: /usr/bin/emacs-21.3: COPY relocations don't point into .bss or .sbss section
Prelinking /usr/bin/kflux.kss
/usr/sbin/prelink: /usr/bin/kflux.kss: Cannot prelink against non-PIC shared library /usr/X11R6/lib/libGL.so.1
Prelinking /usr/X11R6/lib/xscreensaver/dangerball
/usr/sbin/prelink: /usr/X11R6/lib/xscreensaver/dangerball: Cannot prelink against non-PIC shared library /usr/X11R6/lib/libGL.so.1
Prelinking /usr/bin/kgravity.kss
/usr/sbin/prelink: /usr/bin/kgravity.kss: Cannot prelink against non-PIC shared library /usr/X11R6/lib/libGL.so.1
Prelinking /usr/X11R6/lib/xscreensaver/flurry
/usr/sbin/prelink: /usr/X11R6/lib/xscreensaver/flurry: Cannot prelink against non-PIC shared library /usr/X11R6/lib/libGL.so.1
Prelinking /usr/X11R6/lib/xscreensaver/cubenetic
/usr/sbin/prelink: /usr/X11R6/lib/xscreensaver/cubenetic: Cannot prelink against non-PIC shared library /usr/X11R6/lib/libGL.so.1
Prelinking /usr/X11R6/lib/xscreensaver/cubestorm
/usr/sbin/prelink: /usr/X11R6/lib/xscreensaver/cubestorm: Cannot prelink against non-PIC shared library /usr/X11R6/lib/libGL.so.1
Prelinking /usr/bin/kspace.kss
/usr/sbin/prelink: /usr/bin/kspace.kss: Cannot prelink against non-PIC shared library /usr/X11R6/lib/libGL.so.1
